\BOOKMARK [0][-]{chapter.1}{Abstract}{}% 1
\BOOKMARK [0][-]{chapter.2}{Applicable\040and\040reference\040documents}{}% 2
\BOOKMARK [0][-]{chapter.3}{Acronyms}{}% 3
\BOOKMARK [0][-]{chapter.4}{Definitions\040used\040in\040this\040ATBD}{}% 4
\BOOKMARK [0][-]{chapter.5}{Introduction,\040purpose\040and\040scope}{}% 5
\BOOKMARK [0][-]{chapter.6}{Background\040and\040justification\040of\040selected\040algorithm}{}% 6
\BOOKMARK [1][-]{section.6.1}{The\040Continuous\040Maximum\040Cross-Correlation\040method\040\(CMCC\)}{chapter.6}% 7
\BOOKMARK [1][-]{section.6.2}{Choice\040of\040K\040and\040Ka\040as\040main\040microwave\040frequencies}{chapter.6}% 8
\BOOKMARK [1][-]{section.6.3}{Exploitation\040of\040the\040forward\040and\040backward\040scan}{chapter.6}% 9
\BOOKMARK [1][-]{section.6.4}{Swath-to-swath\040Motion\040Tracking\040\(Level-2\040strategy\)}{chapter.6}% 10
\BOOKMARK [0][-]{chapter.7}{Level-2\040product\040definition}{}% 11
\BOOKMARK [0][-]{chapter.8}{Baseline\040Algorithm\040Definition}{}% 12
\BOOKMARK [1][-]{section.8.1}{CIMR\040Level-1b\040re-sampling\040approach}{chapter.8}% 13
\BOOKMARK [1][-]{section.8.2}{Algorithm\040Assumptions\040and\040Simplifications}{chapter.8}% 14
\BOOKMARK [1][-]{section.8.3}{Level-2\040end\040to\040end\040algorithm\040functional\040flow\040diagram}{chapter.8}% 15
\BOOKMARK [1][-]{section.8.4}{Functional\040description\040of\040each\040Algorithm\040step}{chapter.8}% 16
\BOOKMARK [2][-]{subsection.8.4.1}{Pre-processing}{section.8.4}% 17
\BOOKMARK [3][-]{subsubsection*.23}{Prepare\040ice/ocean/land\040mask}{subsection.8.4.1}% 18
\BOOKMARK [4][-]{paragraph*.24}{Input\040data}{subsubsection*.23}% 19
\BOOKMARK [4][-]{paragraph*.25}{Output\040data}{subsubsection*.23}% 20
\BOOKMARK [4][-]{paragraph*.26}{Auxiliary\040data}{subsubsection*.23}% 21
\BOOKMARK [3][-]{subsubsection*.27}{Remap\040Level-1b\040brightness\040temperatures\040to\040the\040EASE2\040image\040grids}{subsection.8.4.1}% 22
\BOOKMARK [4][-]{paragraph*.28}{Mathematical\040description}{subsubsection*.27}% 23
\BOOKMARK [4][-]{paragraph*.29}{Input\040data}{subsubsection*.27}% 24
\BOOKMARK [4][-]{paragraph*.30}{Output\040data}{subsubsection*.27}% 25
\BOOKMARK [4][-]{paragraph*.31}{Ancillary\040data}{subsubsection*.27}% 26
\BOOKMARK [3][-]{subsubsection*.32}{Image\040preprocessing\040\(Laplacian\040filter\)}{subsection.8.4.1}% 27
\BOOKMARK [4][-]{paragraph*.33}{Mathematical\040description}{subsubsection*.32}% 28
\BOOKMARK [4][-]{paragraph*.34}{Input\040data}{subsubsection*.32}% 29
\BOOKMARK [4][-]{paragraph*.35}{Output\040data}{subsubsection*.32}% 30
\BOOKMARK [4][-]{paragraph*.36}{Ancillary\040data}{subsubsection*.32}% 31
\BOOKMARK [2][-]{subsection.8.4.2}{Sea-ice\040motion\040tracking}{section.8.4}% 32
\BOOKMARK [3][-]{subsubsection*.37}{Select\040grid\040locations\040where\040to\040apply\040the\040CMCC\040algorithm}{subsection.8.4.2}% 33
\BOOKMARK [4][-]{paragraph*.38}{Logical\040description}{subsubsection*.37}% 34
\BOOKMARK [4][-]{paragraph*.39}{Input\040data}{subsubsection*.37}% 35
\BOOKMARK [4][-]{paragraph*.40}{Output\040data}{subsubsection*.37}% 36
\BOOKMARK [3][-]{subsubsection*.41}{Run\040the\040CMCC\040algorithm}{subsection.8.4.2}% 37
\BOOKMARK [4][-]{paragraph*.42}{Mathematical\040description}{subsubsection*.41}% 38
\BOOKMARK [4][-]{paragraph*.43}{Input\040data}{subsubsection*.41}% 39
\BOOKMARK [4][-]{paragraph*.44}{Output\040data}{subsubsection*.41}% 40
\BOOKMARK [3][-]{subsubsection*.45}{\376\377\000Q\000u\000a\000l\000i\000t\000y\000\040\000C\000o\000n\000t\000r\000o\000l\000:\000\040\000d\000e\000t\000e\000c\000t\000\040\000a\000n\000d\000\040\000c\000o\000r\000r\000e\000c\000t\000\040\000o\000u\000t\000l\000i\000e\000r\000s\000\040\000\050\040\034\000r\000o\000g\000u\000e\040\035\000\040\000v\000e\000c\000t\000o\000r\000s\000\051}{subsection.8.4.2}% 41
\BOOKMARK [4][-]{paragraph*.46}{Mathematical\040description}{subsubsection*.45}% 42
\BOOKMARK [4][-]{paragraph*.47}{Input\040data}{subsubsection*.45}% 43
\BOOKMARK [4][-]{paragraph*.48}{Output\040data}{subsubsection*.45}% 44
\BOOKMARK [0][-]{chapter.9}{Algorithm\040Input\040and\040Output\040Data\040Definition\040\(IODD\)}{}% 45
\BOOKMARK [1][-]{section.9.1}{Input\040data}{chapter.9}% 46
\BOOKMARK [1][-]{section.9.2}{Output\040data}{chapter.9}% 47
\BOOKMARK [1][-]{section.9.3}{Auxiliary\040data}{chapter.9}% 48
\BOOKMARK [0][-]{chapter.10}{Preprocessing}{}% 49
\BOOKMARK [1][-]{section.10.1}{Settings}{chapter.10}% 50
\BOOKMARK [1][-]{section.10.2}{Parametrize\040the\040run}{chapter.10}% 51
\BOOKMARK [1][-]{section.10.3}{Step\0401:\040Creating\040and\040regridding\040the\040ice\040mask}{chapter.10}% 52
\BOOKMARK [1][-]{section.10.4}{Step\0402:\040Loading\040the\040data}{chapter.10}% 53
\BOOKMARK [1][-]{section.10.5}{Step\0403:\040Regridding\040the\040data}{chapter.10}% 54
\BOOKMARK [1][-]{section.10.6}{Step\0404:\040Laplacian\040pre-processing}{chapter.10}% 55
\BOOKMARK [1][-]{section.10.7}{Step\0405:\040Writing\040out\040the\040file}{chapter.10}% 56
\BOOKMARK [1][-]{section.10.8}{\376\377\000S\000t\000e\000p\000\040\0006\000\040\000\050\000t\000e\000m\000p\000o\000r\000a\000r\000y\000\051\000:\000\040\000C\000r\000e\000a\000t\000i\000n\000g\000\040\000a\000\040\000t\000e\000s\000t\000\040\000g\000r\000i\000d\000d\000e\000d\000\040\000f\000i\000l\000e\000\040\000w\000i\000t\000h\000\040\040\034\000t\000i\000m\000e\000\040\000d\000i\000f\000f\000e\000r\000e\000n\000c\000e\040\035\000\040\0002\0004\000h\000\040\000a\000n\000d\000\040\000p\000i\000x\000e\000l\000\040\000s\000h\000i\000f\000t\000s\000\040\000a\000d\000d\000e\000d\000\040\000i\000n\000\040\000e\000a\000c\000h\000\040\000x\000\040\000a\000n\000d\000\040\000y}{chapter.10}% 57
\BOOKMARK [0][-]{chapter.11}{Algorithm}{}% 58
\BOOKMARK [1][-]{section.11.1}{Settings}{chapter.11}% 59
\BOOKMARK [1][-]{section.11.2}{Parametrize\040the\040run}{chapter.11}% 60
\BOOKMARK [1][-]{section.11.3}{Step\0401:\040Cross-correlation\040algorithm\040to\040find\040ice\040drift}{chapter.11}% 61
\BOOKMARK [1][-]{section.11.4}{Step\0402:\040Format\040L2\040file\040and\040write\040to\040disk}{chapter.11}% 62
\BOOKMARK [1][-]{section.11.5}{Step\0403:\040Plotting}{chapter.11}% 63
\BOOKMARK [0][-]{chapter.12}{Performance\040Assessment}{}% 64
\BOOKMARK [1][-]{section.12.1}{Settings}{chapter.12}% 65
\BOOKMARK [1][-]{section.12.2}{Parametrize\040the\040run}{chapter.12}% 66
\BOOKMARK [1][-]{section.12.3}{Simple\040Performance\040Assessment}{chapter.12}% 67
\BOOKMARK [0][-]{chapter.13}{Roadmap\040for\040future\040ATBD\040development}{}% 68
\BOOKMARK [0][-]{chapter*.49}{Bibliography}{}% 69
\BOOKMARK [0][-]{section*.50}{Index}{}% 70
